[debug] [2019-04-11T19:00:37.204Z] ----------------------------------------------------------------------
[debug] [2019-04-11T19:00:37.207Z] Command:       C:\Program Files\nodejs\node.exe C:\Users\admin\AppData\Roaming\npm\node_modules\firebase-tools\lib\bin\firebase.js deploy --only functions
[debug] [2019-04-11T19:00:37.207Z] CLI Version:   6.5.3
[debug] [2019-04-11T19:00:37.207Z] Platform:      win32
[debug] [2019-04-11T19:00:37.207Z] Node Version:  v10.13.0
[debug] [2019-04-11T19:00:37.208Z] Time:          Thu Apr 11 2019 14:00:37 GMT-0500 (GMT-05:00)
[debug] [2019-04-11T19:00:37.208Z] ----------------------------------------------------------------------
[debug] 
[debug] [2019-04-11T19:00:37.220Z] > command requires scopes: ["email","openid","https://www.googleapis.com/auth/cloudplatformprojects.readonly","https://www.googleapis.com/auth/firebase","https://www.googleapis.com/auth/cloud-platform"]
[debug] [2019-04-11T19:00:37.220Z] > authorizing via signed-in user
[debug] [2019-04-11T19:00:37.220Z] [iam] checking project casanovaeva01 for permissions ["cloudfunctions.functions.create","cloudfunctions.functions.delete","cloudfunctions.functions.get","cloudfunctions.functions.list","cloudfunctions.functions.update","cloudfunctions.operations.get","firebase.projects.get"]
[debug] [2019-04-11T19:00:37.221Z] >>> HTTP REQUEST POST https://cloudresourcemanager.googleapis.com/v1/projects/casanovaeva01:testIamPermissions  

[debug] [2019-04-11T19:00:37.502Z] <<< HTTP RESPONSE 200
[info] 
[info] === Deploying to 'casanovaeva01'...
[info] 
[info] i  deploying functions
[debug] [2019-04-11T19:00:39.836Z] > [functions] package.json contents: {
  "name": "functions",
  "description": "Cloud Functions for Firebase",
  "scripts": {
    "serve": "firebase serve --only functions",
    "shell": "firebase functions:shell",
    "start": "npm run shell",
    "deploy": "firebase deploy --only functions",
    "logs": "firebase functions:log"
  },
  "dependencies": {
    "firebase-admin": "^7.0.0",
    "firebase-functions": "^2.2.0",
    "nodemailer": "^6.1.0"
  },
  "private": true
}
[info] i  functions: ensuring necessary APIs are enabled...
[debug] [2019-04-11T19:00:39.839Z] >>> HTTP REQUEST GET https://servicemanagement.googleapis.com/v1/services/cloudfunctions.googleapis.com/projectSettings/casanovaeva01?view=CONSUMER_VIEW  
 
[debug] [2019-04-11T19:00:39.839Z] >>> HTTP REQUEST GET https://servicemanagement.googleapis.com/v1/services/runtimeconfig.googleapis.com/projectSettings/casanovaeva01?view=CONSUMER_VIEW  
 
[debug] [2019-04-11T19:00:40.587Z] <<< HTTP RESPONSE 200
[debug] [2019-04-11T19:00:40.740Z] <<< HTTP RESPONSE 200
[info] +  functions: all necessary APIs are enabled
[debug] [2019-04-11T19:00:40.747Z] >>> HTTP REQUEST GET https://cloudresourcemanager.googleapis.com/v1/projects/casanovaeva01  
 
[debug] [2019-04-11T19:00:40.987Z] <<< HTTP RESPONSE 200
[debug] [2019-04-11T19:00:40.988Z] >>> HTTP REQUEST GET https://mobilesdk-pa.googleapis.com/v1/projects/1026304714058:getServerAppConfig  
 
[debug] [2019-04-11T19:00:41.307Z] <<< HTTP RESPONSE 200
[info] i  functions: preparing functions directory for uploading...
[debug] [2019-04-11T19:00:41.317Z] >>> HTTP REQUEST GET https://runtimeconfig.googleapis.com/v1beta1/projects/casanovaeva01/configs  
 
[debug] [2019-04-11T19:00:41.801Z] <<< HTTP RESPONSE 200
[debug] [2019-04-11T19:00:41.803Z] >>> HTTP REQUEST GET https://runtimeconfig.googleapis.com/v1beta1/projects/casanovaeva01/configs/twilio/variables  
 
[debug] [2019-04-11T19:00:41.804Z] >>> HTTP REQUEST GET https://runtimeconfig.googleapis.com/v1beta1/projects/casanovaeva01/configs/gmail/variables  
 
[debug] [2019-04-11T19:00:41.805Z] >>> HTTP REQUEST GET https://runtimeconfig.googleapis.com/v1beta1/projects/casanovaeva01/configs/senggrid/variables  
 
[debug] [2019-04-11T19:00:42.080Z] <<< HTTP RESPONSE 200
[debug] [2019-04-11T19:00:42.081Z] >>> HTTP REQUEST GET https://runtimeconfig.googleapis.com/v1beta1/projects/casanovaeva01/configs/twilio/variables/si  
 
[debug] [2019-04-11T19:00:42.082Z] >>> HTTP REQUEST GET https://runtimeconfig.googleapis.com/v1beta1/projects/casanovaeva01/configs/twilio/variables/token  
 
[debug] [2019-04-11T19:00:42.083Z] <<< HTTP RESPONSE 200
[debug] [2019-04-11T19:00:42.084Z] >>> HTTP REQUEST GET https://runtimeconfig.googleapis.com/v1beta1/projects/casanovaeva01/configs/gmail/variables/email  
 
[debug] [2019-04-11T19:00:42.085Z] >>> HTTP REQUEST GET https://runtimeconfig.googleapis.com/v1beta1/projects/casanovaeva01/configs/gmail/variables/password  
 
[debug] [2019-04-11T19:00:42.272Z] <<< HTTP RESPONSE 200
[debug] [2019-04-11T19:00:42.272Z] <<< HTTP RESPONSE 200
[debug] [2019-04-11T19:00:42.358Z] <<< HTTP RESPONSE 200
[debug] [2019-04-11T19:00:42.359Z] >>> HTTP REQUEST GET https://runtimeconfig.googleapis.com/v1beta1/projects/casanovaeva01/configs/senggrid/variables/key  
 
[debug] [2019-04-11T19:00:42.495Z] <<< HTTP RESPONSE 200
[debug] [2019-04-11T19:00:42.598Z] <<< HTTP RESPONSE 200
[debug] [2019-04-11T19:00:42.887Z] <<< HTTP RESPONSE 200
[info] i  functions: packaged functions (27.2 KB) for uploading
[debug] [2019-04-11T19:00:43.134Z] >>> HTTP REQUEST POST https://cloudfunctions.googleapis.com/v1/projects/casanovaeva01/locations/us-central1/functions:generateUploadUrl  
 
[debug] [2019-04-11T19:00:43.544Z] <<< HTTP RESPONSE 200
[debug] [2019-04-11T19:00:43.546Z] >>> HTTP REQUEST PUT https://storage.googleapis.com/gcf-upload-us-central1-daa33cec-08a7-45f5-93ed-d7670b23dd3e/f43fb94e-90f3-40fe-9a53-fa13bde86408.zip?GoogleAccessId=service-1026304714058@gcf-admin-robot.iam.gserviceaccount.com&Expires=1555011043&Signature=YCK9WaM0C88ERSOhTZWoesfytbhNoylc%2Bx3toY9RI8LHd%2BTfv1sxY2%2FCeheSE5BxiKHQAo9T53zBZF3O9wsu%2FRzBS5qi8Aw8E7%2BiAQTtcgloPr2%2FZ2eWBsumXRKMz8%2B8FC2WLPosI3z7Zy7BHMuIAeU68Ji25jdvZ0qpSNyOVS2kHE0chofX%2FElFf8BmJRyL7f3qfYdUEpEWVihlT35m0wdA7IPT20%2FzID2ChKpDtdafbyhnWte5ldkYoAPw3NZ5woFvYY%2B4FJrg98s7hx6JHG5CQbee%2Fs%2FIOlI6yDiCmn5Zr3CCcqM7G7NiEStLkFO%2BGXSNjLbgi3bzNlYHGz9ceA%3D%3D  

[debug] [2019-04-11T19:00:44.330Z] <<< HTTP RESPONSE 200
[info] +  functions: functions folder uploaded successfully
[debug] [2019-04-11T19:00:44.336Z] >>> HTTP REQUEST GET https://cloudfunctions.googleapis.com/v1/projects/casanovaeva01/locations/-/functions  
 
[debug] [2019-04-11T19:00:44.741Z] <<< HTTP RESPONSE 200
[info] i  functions: updating Node.js 6 function sendContactMessage(us-central1)...
[debug] [2019-04-11T19:00:44.752Z] Trigger is:  {"eventTrigger":{"resource":"projects/_/instances/casanovaeva01/refs/messages/{pushKey}","eventType":"providers/google.firebase.database/eventTypes/ref.write","service":"firebaseio.com"}}
[debug] [2019-04-11T19:00:44.755Z] >>> HTTP REQUEST PATCH https://cloudfunctions.googleapis.com/v1/projects/casanovaeva01/locations/us-central1/functions/sendContactMessage {"updateMask":"sourceUploadUrl,name,labels,eventTrigger.resource,eventTrigger.eventType,eventTrigger.service"} 

[debug] [2019-04-11T19:00:45.159Z] <<< HTTP RESPONSE 200
[debug] [2019-04-11T19:00:45.164Z] >>> HTTP REQUEST GET https://cloudfunctions.googleapis.com/v1/operations/Y2FzYW5vdmFldmEwMS91cy1jZW50cmFsMS9zZW5kQ29udGFjdE1lc3NhZ2UvY2stbXlSeE9FVlk  
 
[debug] [2019-04-11T19:00:45.404Z] <<< HTTP RESPONSE 200
[debug] [2019-04-11T19:00:47.416Z] >>> HTTP REQUEST GET https://cloudfunctions.googleapis.com/v1/operations/Y2FzYW5vdmFldmEwMS91cy1jZW50cmFsMS9zZW5kQ29udGFjdE1lc3NhZ2UvY2stbXlSeE9FVlk  
 
[debug] [2019-04-11T19:00:47.711Z] <<< HTTP RESPONSE 200
[debug] [2019-04-11T19:00:49.717Z] >>> HTTP REQUEST GET https://cloudfunctions.googleapis.com/v1/operations/Y2FzYW5vdmFldmEwMS91cy1jZW50cmFsMS9zZW5kQ29udGFjdE1lc3NhZ2UvY2stbXlSeE9FVlk  
 
[debug] [2019-04-11T19:00:49.954Z] <<< HTTP RESPONSE 200
[debug] [2019-04-11T19:00:51.969Z] >>> HTTP REQUEST GET https://cloudfunctions.googleapis.com/v1/operations/Y2FzYW5vdmFldmEwMS91cy1jZW50cmFsMS9zZW5kQ29udGFjdE1lc3NhZ2UvY2stbXlSeE9FVlk  
 
[debug] [2019-04-11T19:00:52.216Z] <<< HTTP RESPONSE 200
[debug] [2019-04-11T19:00:54.227Z] >>> HTTP REQUEST GET https://cloudfunctions.googleapis.com/v1/operations/Y2FzYW5vdmFldmEwMS91cy1jZW50cmFsMS9zZW5kQ29udGFjdE1lc3NhZ2UvY2stbXlSeE9FVlk  
 
[debug] [2019-04-11T19:00:54.435Z] <<< HTTP RESPONSE 200
[debug] [2019-04-11T19:00:56.438Z] >>> HTTP REQUEST GET https://cloudfunctions.googleapis.com/v1/operations/Y2FzYW5vdmFldmEwMS91cy1jZW50cmFsMS9zZW5kQ29udGFjdE1lc3NhZ2UvY2stbXlSeE9FVlk  
 
[debug] [2019-04-11T19:00:56.684Z] <<< HTTP RESPONSE 200
[debug] [2019-04-11T19:00:58.696Z] >>> HTTP REQUEST GET https://cloudfunctions.googleapis.com/v1/operations/Y2FzYW5vdmFldmEwMS91cy1jZW50cmFsMS9zZW5kQ29udGFjdE1lc3NhZ2UvY2stbXlSeE9FVlk  
 
[debug] [2019-04-11T19:00:58.928Z] <<< HTTP RESPONSE 200
[debug] [2019-04-11T19:01:00.942Z] >>> HTTP REQUEST GET https://cloudfunctions.googleapis.com/v1/operations/Y2FzYW5vdmFldmEwMS91cy1jZW50cmFsMS9zZW5kQ29udGFjdE1lc3NhZ2UvY2stbXlSeE9FVlk  
 
[debug] [2019-04-11T19:01:01.188Z] <<< HTTP RESPONSE 200
[debug] [2019-04-11T19:01:03.196Z] >>> HTTP REQUEST GET https://cloudfunctions.googleapis.com/v1/operations/Y2FzYW5vdmFldmEwMS91cy1jZW50cmFsMS9zZW5kQ29udGFjdE1lc3NhZ2UvY2stbXlSeE9FVlk  
 
[debug] [2019-04-11T19:01:03.603Z] <<< HTTP RESPONSE 200
[debug] [2019-04-11T19:01:05.609Z] >>> HTTP REQUEST GET https://cloudfunctions.googleapis.com/v1/operations/Y2FzYW5vdmFldmEwMS91cy1jZW50cmFsMS9zZW5kQ29udGFjdE1lc3NhZ2UvY2stbXlSeE9FVlk  
 
